<?xml version="1.0" encoding="UTF-8"?>
<!-- Generated by org.testng.reporters.JUnitReportReporter -->
<testsuite hostname="DESKTOP-UUPMMF7" failures="0" tests="4" name="webdriver31.webdriver31" time="10.916" errors="0" timestamp="2022-01-07T17:02:40 IST" skipped="3">
  <testcase classname="webdriver31.webdriver31" name="UL" time="10.916"/>
  <system-out/>
  <testcase classname="webdriver31.webdriver31" name="OL">
    <skipped/>
  </testcase> <!-- OL -->
  <system-out/>
  <testcase classname="webdriver31.webdriver31" name="DragAndDrop2">
    <skipped/>
  </testcase> <!-- DragAndDrop2 -->
  <system-out/>
  <testcase classname="webdriver31.webdriver31" name="dragAndDrop1">
    <skipped/>
  </testcase> <!-- dragAndDrop1 -->
  <system-out/>
</testsuite> <!-- webdriver31.webdriver31 -->
